{
  "RSpec": {
    "coverage": {
      "/Users/thomasbetts/Makers-Academy/week-4/bookmark-manager/app.rb": [
        1,
        1,
        1,
        1,
        1,
        null,
        1,
        1,
        1,
        null,
        null,
        1,
        4,
        4,
        null,
        null,
        1,
        2,
        1,
        null,
        1,
        null,
        2,
        null,
        null,
        1,
        null
      ],
      "/Users/thomasbetts/Makers-Academy/week-4/bookmark-manager/lib/link.rb": [
        1,
        1,
        null,
        1,
        1,
        6,
        26,
        null,
        null,
        null,
        null,
        null,
        null,
        1,
        2,
        null,
        null
      ],
      "/Users/thomasbetts/Makers-Academy/week-4/bookmark-manager/lib/database_connection_setup.rb": [
        1,
        null,
        1,
        1,
        null,
        0,
        null
      ],
      "/Users/thomasbetts/Makers-Academy/week-4/bookmark-manager/lib/database_connection.rb": [
        1,
        null,
        1,
        null,
        1,
        3,
        null,
        null,
        1,
        9,
        null,
        null
      ],
      "/Users/thomasbetts/Makers-Academy/week-4/bookmark-manager/Rakefile": [
        1,
        null,
        1,
        6,
        null,
        6,
        null,
        null,
        6,
        null,
        null,
        6,
        6,
        6,
        null,
        null,
        1,
        0,
        null,
        0,
        0,
        0,
        0,
        0,
        null,
        null,
        null,
        1,
        0,
        null,
        null,
        0,
        null
      ],
      "/Users/thomasbetts/Makers-Academy/week-4/bookmark-manager/spec/database_connection_spec.rb": [
        1,
        null,
        1,
        null,
        1,
        1,
        1,
        1,
        null,
        null,
        null,
        1,
        1,
        1,
        1,
        1,
        null,
        null,
        null
      ],
      "/Users/thomasbetts/Makers-Academy/week-4/bookmark-manager/spec/features/add_link_spec.rb": [
        1,
        1,
        1,
        1,
        1,
        1,
        null,
        null
      ],
      "/Users/thomasbetts/Makers-Academy/week-4/bookmark-manager/spec/features/invalid_links_spec.rb": [
        1,
        1,
        1,
        1,
        1,
        1,
        null,
        null
      ],
      "/Users/thomasbetts/Makers-Academy/week-4/bookmark-manager/spec/list_of_links_spec.rb": [
        1,
        null,
        1,
        1,
        1,
        1,
        1,
        1,
        1,
        null,
        null,
        null,
        1,
        1,
        1,
        1,
        null,
        null,
        null,
        null
      ]
    },
    "timestamp": 1521048342
  }
}
