{
  "RSpec": {
    "coverage": {
      "/Users/thomasbetts/Makers-Academy/week-4/bookmark-manager/app.rb": [
        1,
        1,
        1,
        null,
        1,
        null,
        1,
        2,
        2,
        null,
        null,
        1,
        1,
        1,
        null,
        null,
        1,
        null
      ],
      "/Users/thomasbetts/Makers-Academy/week-4/bookmark-manager/lib/link.rb": [
        null,
        1,
        null,
        1,
        1,
        4,
        20,
        null,
        null,
        1,
        2,
        null,
        null
      ],
      "/Users/thomasbetts/Makers-Academy/week-4/bookmark-manager/lib/database_connection_setup.rb": [
        1,
        null,
        1,
        1,
        null,
        0,
        null
      ],
      "/Users/thomasbetts/Makers-Academy/week-4/bookmark-manager/lib/database_connection.rb": [
        1,
        null,
        1,
        null,
        1,
        3,
        null,
        null,
        1,
        7,
        null,
        null
      ],
      "/Users/thomasbetts/Makers-Academy/week-4/bookmark-manager/spec/database_connection_spec.rb": [
        1,
        null,
        1,
        null,
        1,
        1,
        1,
        1,
        null,
        null,
        null,
        1,
        1,
        1,
        1,
        1,
        null,
        null,
        null
      ],
      "/Users/thomasbetts/Makers-Academy/week-4/bookmark-manager/spec/features/add_link_spec.rb": [
        1,
        1,
        1,
        1,
        1,
        1,
        null,
        null
      ],
      "/Users/thomasbetts/Makers-Academy/week-4/bookmark-manager/spec/list_of_links_spec.rb": [
        1,
        null,
        1,
        1,
        1,
        1,
        1,
        1,
        1,
        null,
        null,
        null,
        1,
        1,
        1,
        1,
        null,
        null,
        null,
        null
      ],
      "/Users/thomasbetts/Makers-Academy/week-4/bookmark-manager/spec/test_database_setup.rb": [
        1,
        null,
        1,
        null,
        1,
        null,
        null,
        1,
        null,
        null,
        1,
        1,
        1
      ]
    },
    "timestamp": 1521036312
  }
}
